{"/Users/shweta/mywork/good-reads-app/reactnd-project-myreads-starter/src/App.js": {"path":"/Users/shweta/mywork/good-reads-app/reactnd-project-myreads-starter/src/App.js","statementMap":{"0":{"start":{"line":8,"column":17},"end":{"line":85,"column":1}},"1":{"start":{"line":9,"column":28},"end":{"line":9,"column":40}},"2":{"start":{"line":10,"column":48},"end":{"line":10,"column":60}},"3":{"start":{"line":11,"column":60},"end":{"line":11,"column":72}},"4":{"start":{"line":12,"column":36},"end":{"line":12,"column":48}},"5":{"start":{"line":14,"column":2},"end":{"line":37,"column":14}},"6":{"start":{"line":15,"column":21},"end":{"line":35,"column":5}},"7":{"start":{"line":16,"column":6},"end":{"line":34,"column":9}},"8":{"start":{"line":17,"column":8},"end":{"line":17,"column":58}},"9":{"start":{"line":17,"column":34},"end":{"line":17,"column":55}},"10":{"start":{"line":18,"column":8},"end":{"line":18,"column":24}},"11":{"start":{"line":19,"column":8},"end":{"line":23,"column":10}},"12":{"start":{"line":21,"column":30},"end":{"line":21,"column":57}},"13":{"start":{"line":22,"column":27},"end":{"line":22,"column":34}},"14":{"start":{"line":24,"column":8},"end":{"line":28,"column":10}},"15":{"start":{"line":26,"column":30},"end":{"line":26,"column":63}},"16":{"start":{"line":27,"column":27},"end":{"line":27,"column":34}},"17":{"start":{"line":29,"column":8},"end":{"line":33,"column":10}},"18":{"start":{"line":31,"column":30},"end":{"line":31,"column":51}},"19":{"start":{"line":32,"column":27},"end":{"line":32,"column":34}},"20":{"start":{"line":36,"column":4},"end":{"line":36,"column":15}},"21":{"start":{"line":39,"column":25},"end":{"line":53,"column":3}},"22":{"start":{"line":40,"column":26},"end":{"line":40,"column":44}},"23":{"start":{"line":41,"column":4},"end":{"line":52,"column":9}},"24":{"start":{"line":43,"column":8},"end":{"line":43,"column":29}},"25":{"start":{"line":46,"column":8},"end":{"line":46,"column":44}},"26":{"start":{"line":47,"column":8},"end":{"line":51,"column":11}},"27":{"start":{"line":48,"column":10},"end":{"line":48,"column":61}},"28":{"start":{"line":49,"column":10},"end":{"line":49,"column":49}},"29":{"start":{"line":50,"column":10},"end":{"line":50,"column":37}},"30":{"start":{"line":55,"column":2},"end":{"line":84,"column":4}},"31":{"start":{"line":61,"column":10},"end":{"line":68,"column":12}},"32":{"start":{"line":74,"column":10},"end":{"line":80,"column":12}},"33":{"start":{"line":77,"column":14},"end":{"line":77,"column":42}},"34":{"start":{"line":78,"column":14},"end":{"line":78,"column":32}}},"fnMap":{"0":{"name":"(anonymous_0)","decl":{"start":{"line":8,"column":17},"end":{"line":8,"column":18}},"loc":{"start":{"line":8,"column":23},"end":{"line":85,"column":1}},"line":8},"1":{"name":"(anonymous_1)","decl":{"start":{"line":14,"column":12},"end":{"line":14,"column":13}},"loc":{"start":{"line":14,"column":18},"end":{"line":37,"column":3}},"line":14},"2":{"name":"(anonymous_2)","decl":{"start":{"line":15,"column":21},"end":{"line":15,"column":22}},"loc":{"start":{"line":15,"column":27},"end":{"line":35,"column":5}},"line":15},"3":{"name":"(anonymous_3)","decl":{"start":{"line":16,"column":29},"end":{"line":16,"column":30}},"loc":{"start":{"line":16,"column":45},"end":{"line":34,"column":7}},"line":16},"4":{"name":"(anonymous_4)","decl":{"start":{"line":17,"column":23},"end":{"line":17,"column":24}},"loc":{"start":{"line":17,"column":34},"end":{"line":17,"column":55}},"line":17},"5":{"name":"(anonymous_5)","decl":{"start":{"line":21,"column":20},"end":{"line":21,"column":21}},"loc":{"start":{"line":21,"column":30},"end":{"line":21,"column":57}},"line":21},"6":{"name":"(anonymous_6)","decl":{"start":{"line":22,"column":17},"end":{"line":22,"column":18}},"loc":{"start":{"line":22,"column":27},"end":{"line":22,"column":34}},"line":22},"7":{"name":"(anonymous_7)","decl":{"start":{"line":26,"column":20},"end":{"line":26,"column":21}},"loc":{"start":{"line":26,"column":30},"end":{"line":26,"column":63}},"line":26},"8":{"name":"(anonymous_8)","decl":{"start":{"line":27,"column":17},"end":{"line":27,"column":18}},"loc":{"start":{"line":27,"column":27},"end":{"line":27,"column":34}},"line":27},"9":{"name":"(anonymous_9)","decl":{"start":{"line":31,"column":20},"end":{"line":31,"column":21}},"loc":{"start":{"line":31,"column":30},"end":{"line":31,"column":51}},"line":31},"10":{"name":"(anonymous_10)","decl":{"start":{"line":32,"column":17},"end":{"line":32,"column":18}},"loc":{"start":{"line":32,"column":27},"end":{"line":32,"column":34}},"line":32},"11":{"name":"(anonymous_11)","decl":{"start":{"line":39,"column":25},"end":{"line":39,"column":26}},"loc":{"start":{"line":39,"column":44},"end":{"line":53,"column":3}},"line":39},"12":{"name":"(anonymous_12)","decl":{"start":{"line":42,"column":12},"end":{"line":42,"column":13}},"loc":{"start":{"line":42,"column":22},"end":{"line":44,"column":7}},"line":42},"13":{"name":"(anonymous_13)","decl":{"start":{"line":45,"column":12},"end":{"line":45,"column":13}},"loc":{"start":{"line":45,"column":18},"end":{"line":52,"column":7}},"line":45},"14":{"name":"(anonymous_14)","decl":{"start":{"line":47,"column":52},"end":{"line":47,"column":53}},"loc":{"start":{"line":47,"column":62},"end":{"line":51,"column":9}},"line":47},"15":{"name":"(anonymous_15)","decl":{"start":{"line":60,"column":16},"end":{"line":60,"column":17}},"loc":{"start":{"line":61,"column":10},"end":{"line":68,"column":12}},"line":61},"16":{"name":"(anonymous_16)","decl":{"start":{"line":73,"column":16},"end":{"line":73,"column":17}},"loc":{"start":{"line":74,"column":10},"end":{"line":80,"column":12}},"line":74},"17":{"name":"(anonymous_17)","decl":{"start":{"line":76,"column":28},"end":{"line":76,"column":29}},"loc":{"start":{"line":76,"column":45},"end":{"line":79,"column":13}},"line":76}},"branchMap":{},"s":{"0":1,"1":0,"2":0,"3":0,"4":0,"5":0,"6":0,"7":0,"8":0,"9":0,"10":0,"11":0,"12":0,"13":0,"14":0,"15":0,"16":0,"17":0,"18":0,"19":0,"20":0,"21":0,"22":0,"23":0,"24":0,"25":0,"26":0,"27":0,"28":0,"29":0,"30":0,"31":0,"32":0,"33":0,"34":0},"f":{"0":0,"1":0,"2":0,"3":0,"4":0,"5":0,"6":0,"7":0,"8":0,"9":0,"10":0,"11":0,"12":0,"13":0,"14":0,"15":0,"16":0,"17":0},"b":{},"_coverageSchema":"43e27e138ebf9cfc5966b082cf9a028302ed4184","hash":"ea1cdd674934e525ef6bc6d366db34dfad93ec8a"}
,"/Users/shweta/mywork/good-reads-app/reactnd-project-myreads-starter/src/index.js": {"path":"/Users/shweta/mywork/good-reads-app/reactnd-project-myreads-starter/src/index.js","statementMap":{"0":{"start":{"line":7,"column":0},"end":{"line":12,"column":2}}},"fnMap":{},"branchMap":{},"s":{"0":0},"f":{},"b":{},"hash":"e169be30ca134c6c5a5c38ea3d23c943a4ea8b7f"}
,"/Users/shweta/mywork/good-reads-app/reactnd-project-myreads-starter/src/components/book_input/BookInput.component.js": {"path":"/Users/shweta/mywork/good-reads-app/reactnd-project-myreads-starter/src/components/book_input/BookInput.component.js","statementMap":{"0":{"start":{"line":6,"column":18},"end":{"line":59,"column":1}},"1":{"start":{"line":7,"column":48},"end":{"line":7,"column":60}},"2":{"start":{"line":8,"column":32},"end":{"line":8,"column":44}},"3":{"start":{"line":9,"column":28},"end":{"line":9,"column":40}},"4":{"start":{"line":10,"column":19},"end":{"line":33,"column":9}},"5":{"start":{"line":11,"column":4},"end":{"line":32,"column":5}},"6":{"start":{"line":12,"column":6},"end":{"line":12,"column":29}},"7":{"start":{"line":13,"column":6},"end":{"line":29,"column":9}},"8":{"start":{"line":14,"column":31},"end":{"line":14,"column":33}},"9":{"start":{"line":15,"column":8},"end":{"line":26,"column":9}},"10":{"start":{"line":16,"column":10},"end":{"line":22,"column":63}},"11":{"start":{"line":18,"column":14},"end":{"line":18,"column":34}},"12":{"start":{"line":19,"column":14},"end":{"line":19,"column":26}},"13":{"start":{"line":21,"column":28},"end":{"line":21,"column":66}},"14":{"start":{"line":22,"column":28},"end":{"line":22,"column":60}},"15":{"start":{"line":24,"column":10},"end":{"line":24,"column":32}},"16":{"start":{"line":25,"column":10},"end":{"line":25,"column":26}},"17":{"start":{"line":27,"column":8},"end":{"line":27,"column":37}},"18":{"start":{"line":28,"column":8},"end":{"line":28,"column":62}},"19":{"start":{"line":28,"column":52},"end":{"line":28,"column":59}},"20":{"start":{"line":31,"column":6},"end":{"line":31,"column":29}},"21":{"start":{"line":35,"column":2},"end":{"line":58,"column":4}},"22":{"start":{"line":45,"column":33},"end":{"line":45,"column":61}}},"fnMap":{"0":{"name":"(anonymous_0)","decl":{"start":{"line":6,"column":18},"end":{"line":6,"column":19}},"loc":{"start":{"line":6,"column":49},"end":{"line":59,"column":1}},"line":6},"1":{"name":"(anonymous_1)","decl":{"start":{"line":10,"column":28},"end":{"line":10,"column":29}},"loc":{"start":{"line":10,"column":39},"end":{"line":33,"column":3}},"line":10},"2":{"name":"(anonymous_2)","decl":{"start":{"line":13,"column":34},"end":{"line":13,"column":35}},"loc":{"start":{"line":13,"column":50},"end":{"line":29,"column":7}},"line":13},"3":{"name":"(anonymous_3)","decl":{"start":{"line":17,"column":17},"end":{"line":17,"column":18}},"loc":{"start":{"line":17,"column":27},"end":{"line":20,"column":13}},"line":17},"4":{"name":"(anonymous_4)","decl":{"start":{"line":21,"column":17},"end":{"line":21,"column":18}},"loc":{"start":{"line":21,"column":28},"end":{"line":21,"column":66}},"line":21},"5":{"name":"(anonymous_5)","decl":{"start":{"line":22,"column":17},"end":{"line":22,"column":18}},"loc":{"start":{"line":22,"column":28},"end":{"line":22,"column":60}},"line":22},"6":{"name":"(anonymous_6)","decl":{"start":{"line":28,"column":42},"end":{"line":28,"column":43}},"loc":{"start":{"line":28,"column":52},"end":{"line":28,"column":59}},"line":28},"7":{"name":"(anonymous_7)","decl":{"start":{"line":45,"column":22},"end":{"line":45,"column":23}},"loc":{"start":{"line":45,"column":33},"end":{"line":45,"column":61}},"line":45}},"branchMap":{"0":{"loc":{"start":{"line":11,"column":4},"end":{"line":32,"column":5}},"type":"if","locations":[{"start":{"line":11,"column":4},"end":{"line":32,"column":5}},{"start":{"line":11,"column":4},"end":{"line":32,"column":5}}],"line":11},"1":{"loc":{"start":{"line":15,"column":8},"end":{"line":26,"column":9}},"type":"if","locations":[{"start":{"line":15,"column":8},"end":{"line":26,"column":9}},{"start":{"line":15,"column":8},"end":{"line":26,"column":9}}],"line":15},"2":{"loc":{"start":{"line":21,"column":28},"end":{"line":21,"column":66}},"type":"cond-expr","locations":[{"start":{"line":21,"column":45},"end":{"line":21,"column":59}},{"start":{"line":21,"column":62},"end":{"line":21,"column":66}}],"line":21}},"s":{"0":2,"1":0,"2":0,"3":0,"4":0,"5":0,"6":0,"7":0,"8":0,"9":0,"10":0,"11":0,"12":0,"13":0,"14":0,"15":0,"16":0,"17":0,"18":0,"19":0,"20":0,"21":0,"22":0},"f":{"0":0,"1":0,"2":0,"3":0,"4":0,"5":0,"6":0,"7":0},"b":{"0":[0,0],"1":[0,0],"2":[0,0]},"_coverageSchema":"43e27e138ebf9cfc5966b082cf9a028302ed4184","hash":"7a427b56455249be7e1aeda5168d678a5385e09e"}
,"/Users/shweta/mywork/good-reads-app/reactnd-project-myreads-starter/src/components/book_serach_result/BookSearchResults.component.js": {"path":"/Users/shweta/mywork/good-reads-app/reactnd-project-myreads-starter/src/components/book_serach_result/BookSearchResults.component.js","statementMap":{"0":{"start":{"line":2,"column":26},"end":{"line":48,"column":1}},"1":{"start":{"line":3,"column":2},"end":{"line":47,"column":4}},"2":{"start":{"line":6,"column":8},"end":{"line":44,"column":13}},"3":{"start":{"line":24,"column":39},"end":{"line":24,"column":68}}},"fnMap":{"0":{"name":"(anonymous_0)","decl":{"start":{"line":2,"column":26},"end":{"line":2,"column":27}},"loc":{"start":{"line":2,"column":66},"end":{"line":48,"column":1}},"line":2},"1":{"name":"(anonymous_1)","decl":{"start":{"line":5,"column":17},"end":{"line":5,"column":18}},"loc":{"start":{"line":6,"column":8},"end":{"line":44,"column":13}},"line":6},"2":{"name":"(anonymous_2)","decl":{"start":{"line":24,"column":28},"end":{"line":24,"column":29}},"loc":{"start":{"line":24,"column":39},"end":{"line":24,"column":68}},"line":24}},"branchMap":{"0":{"loc":{"start":{"line":15,"column":20},"end":{"line":18,"column":134}},"type":"cond-expr","locations":[{"start":{"line":17,"column":24},"end":{"line":17,"column":75}},{"start":{"line":18,"column":24},"end":{"line":18,"column":134}}],"line":15},"1":{"loc":{"start":{"line":15,"column":20},"end":{"line":16,"column":61}},"type":"binary-expr","locations":[{"start":{"line":15,"column":20},"end":{"line":15,"column":46}},{"start":{"line":16,"column":20},"end":{"line":16,"column":61}}],"line":15},"2":{"loc":{"start":{"line":40,"column":17},"end":{"line":40,"column":74}},"type":"binary-expr","locations":[{"start":{"line":40,"column":17},"end":{"line":40,"column":40}},{"start":{"line":40,"column":44},"end":{"line":40,"column":74}}],"line":40}},"s":{"0":4,"1":0,"2":0,"3":0},"f":{"0":0,"1":0,"2":0},"b":{"0":[0,0],"1":[0,0],"2":[0,0]},"_coverageSchema":"43e27e138ebf9cfc5966b082cf9a028302ed4184","hash":"ada57185cd7a45d3b35767f07ec51176e4eb92f4"}
,"/Users/shweta/mywork/good-reads-app/reactnd-project-myreads-starter/src/components/book_shelf/BookShelf.component.js": {"path":"/Users/shweta/mywork/good-reads-app/reactnd-project-myreads-starter/src/components/book_shelf/BookShelf.component.js","statementMap":{"0":{"start":{"line":4,"column":17},"end":{"line":278,"column":1}},"1":{"start":{"line":5,"column":46},"end":{"line":5,"column":61}},"2":{"start":{"line":6,"column":2},"end":{"line":277,"column":4}},"3":{"start":{"line":13,"column":29},"end":{"line":13,"column":53}},"4":{"start":{"line":272,"column":35},"end":{"line":272,"column":58}}},"fnMap":{"0":{"name":"(anonymous_0)","decl":{"start":{"line":4,"column":17},"end":{"line":4,"column":18}},"loc":{"start":{"line":4,"column":23},"end":{"line":278,"column":1}},"line":4},"1":{"name":"(anonymous_1)","decl":{"start":{"line":13,"column":23},"end":{"line":13,"column":24}},"loc":{"start":{"line":13,"column":29},"end":{"line":13,"column":53}},"line":13},"2":{"name":"(anonymous_2)","decl":{"start":{"line":272,"column":29},"end":{"line":272,"column":30}},"loc":{"start":{"line":272,"column":35},"end":{"line":272,"column":58}},"line":272}},"branchMap":{"0":{"loc":{"start":{"line":8,"column":7},"end":{"line":275,"column":7}},"type":"cond-expr","locations":[{"start":{"line":9,"column":8},"end":{"line":24,"column":14}},{"start":{"line":26,"column":8},"end":{"line":274,"column":14}}],"line":8}},"s":{"0":1,"1":0,"2":0,"3":0,"4":0},"f":{"0":0,"1":0,"2":0},"b":{"0":[0,0]},"_coverageSchema":"43e27e138ebf9cfc5966b082cf9a028302ed4184","hash":"1b2951cac5fcc79d61da7b9af78bccb588d1c5a4"}
,"/Users/shweta/mywork/good-reads-app/reactnd-project-myreads-starter/src/components/my_book_shelf/MyBookShelf.component.js": {"path":"/Users/shweta/mywork/good-reads-app/reactnd-project-myreads-starter/src/components/my_book_shelf/MyBookShelf.component.js","statementMap":{"0":{"start":{"line":6,"column":20},"end":{"line":67,"column":1}},"1":{"start":{"line":13,"column":2},"end":{"line":66,"column":4}}},"fnMap":{"0":{"name":"(anonymous_0)","decl":{"start":{"line":6,"column":20},"end":{"line":6,"column":21}},"loc":{"start":{"line":12,"column":6},"end":{"line":67,"column":1}},"line":12}},"branchMap":{},"s":{"0":2,"1":0},"f":{"0":0},"b":{},"_coverageSchema":"43e27e138ebf9cfc5966b082cf9a028302ed4184","hash":"2fb4dbea0e0428935316e731b6e5788ef06f3d71"}
,"/Users/shweta/mywork/good-reads-app/reactnd-project-myreads-starter/src/serviceCalls/BooksAPI.js": {"path":"/Users/shweta/mywork/good-reads-app/reactnd-project-myreads-starter/src/serviceCalls/BooksAPI.js","statementMap":{"0":{"start":{"line":1,"column":12},"end":{"line":1,"column":51}},"1":{"start":{"line":4,"column":12},"end":{"line":4,"column":30}},"2":{"start":{"line":5,"column":0},"end":{"line":5,"column":79}},"3":{"start":{"line":5,"column":12},"end":{"line":5,"column":79}},"4":{"start":{"line":7,"column":16},"end":{"line":10,"column":1}},"5":{"start":{"line":12,"column":19},"end":{"line":15,"column":30}},"6":{"start":{"line":13,"column":2},"end":{"line":15,"column":30}},"7":{"start":{"line":14,"column":19},"end":{"line":14,"column":29}},"8":{"start":{"line":15,"column":20},"end":{"line":15,"column":29}},"9":{"start":{"line":17,"column":22},"end":{"line":20,"column":31}},"10":{"start":{"line":18,"column":2},"end":{"line":20,"column":31}},"11":{"start":{"line":19,"column":19},"end":{"line":19,"column":29}},"12":{"start":{"line":20,"column":20},"end":{"line":20,"column":30}},"13":{"start":{"line":22,"column":22},"end":{"line":30,"column":30}},"14":{"start":{"line":23,"column":2},"end":{"line":30,"column":30}},"15":{"start":{"line":30,"column":19},"end":{"line":30,"column":29}},"16":{"start":{"line":32,"column":22},"end":{"line":42,"column":31}},"17":{"start":{"line":33,"column":2},"end":{"line":42,"column":31}},"18":{"start":{"line":41,"column":19},"end":{"line":41,"column":29}},"19":{"start":{"line":42,"column":20},"end":{"line":42,"column":30}}},"fnMap":{"0":{"name":"(anonymous_0)","decl":{"start":{"line":12,"column":19},"end":{"line":12,"column":20}},"loc":{"start":{"line":13,"column":2},"end":{"line":15,"column":30}},"line":13},"1":{"name":"(anonymous_1)","decl":{"start":{"line":14,"column":10},"end":{"line":14,"column":11}},"loc":{"start":{"line":14,"column":19},"end":{"line":14,"column":29}},"line":14},"2":{"name":"(anonymous_2)","decl":{"start":{"line":15,"column":10},"end":{"line":15,"column":11}},"loc":{"start":{"line":15,"column":20},"end":{"line":15,"column":29}},"line":15},"3":{"name":"(anonymous_3)","decl":{"start":{"line":17,"column":22},"end":{"line":17,"column":23}},"loc":{"start":{"line":18,"column":2},"end":{"line":20,"column":31}},"line":18},"4":{"name":"(anonymous_4)","decl":{"start":{"line":19,"column":10},"end":{"line":19,"column":11}},"loc":{"start":{"line":19,"column":19},"end":{"line":19,"column":29}},"line":19},"5":{"name":"(anonymous_5)","decl":{"start":{"line":20,"column":10},"end":{"line":20,"column":11}},"loc":{"start":{"line":20,"column":20},"end":{"line":20,"column":30}},"line":20},"6":{"name":"(anonymous_6)","decl":{"start":{"line":22,"column":22},"end":{"line":22,"column":23}},"loc":{"start":{"line":23,"column":2},"end":{"line":30,"column":30}},"line":23},"7":{"name":"(anonymous_7)","decl":{"start":{"line":30,"column":10},"end":{"line":30,"column":11}},"loc":{"start":{"line":30,"column":19},"end":{"line":30,"column":29}},"line":30},"8":{"name":"(anonymous_8)","decl":{"start":{"line":32,"column":22},"end":{"line":32,"column":23}},"loc":{"start":{"line":33,"column":2},"end":{"line":42,"column":31}},"line":33},"9":{"name":"(anonymous_9)","decl":{"start":{"line":41,"column":10},"end":{"line":41,"column":11}},"loc":{"start":{"line":41,"column":19},"end":{"line":41,"column":29}},"line":41},"10":{"name":"(anonymous_10)","decl":{"start":{"line":42,"column":10},"end":{"line":42,"column":11}},"loc":{"start":{"line":42,"column":20},"end":{"line":42,"column":30}},"line":42}},"branchMap":{"0":{"loc":{"start":{"line":5,"column":0},"end":{"line":5,"column":79}},"type":"if","locations":[{"start":{"line":5,"column":0},"end":{"line":5,"column":79}},{"start":{"line":5,"column":0},"end":{"line":5,"column":79}}],"line":5}},"s":{"0":2,"1":2,"2":2,"3":2,"4":2,"5":2,"6":0,"7":0,"8":0,"9":2,"10":0,"11":0,"12":0,"13":2,"14":0,"15":0,"16":2,"17":0,"18":0,"19":0},"f":{"0":0,"1":0,"2":0,"3":0,"4":0,"5":0,"6":0,"7":0,"8":0,"9":0,"10":0},"b":{"0":[2,0]},"_coverageSchema":"43e27e138ebf9cfc5966b082cf9a028302ed4184","hash":"72f145224e28306203cec62deea37e7225c9ab71"}
}
